{"C:\\Users\\susu\\OneDrive\\Documents\\workspace\\gitActions\\learnActions\\test\\request.js": {"path":"C:\\Users\\susu\\OneDrive\\Documents\\workspace\\gitActions\\learnActions\\test\\request.js","all":false,"statementMap":{"0":{"start":{"line":1,"column":0},"end":{"line":1,"column":31}},"1":{"start":{"line":2,"column":0},"end":{"line":2,"column":0}},"2":{"start":{"line":3,"column":0},"end":{"line":3,"column":18}},"3":{"start":{"line":4,"column":0},"end":{"line":4,"column":20}},"4":{"start":{"line":5,"column":0},"end":{"line":5,"column":96}},"5":{"start":{"line":6,"column":0},"end":{"line":6,"column":5}},"6":{"start":{"line":7,"column":0},"end":{"line":7,"column":1}}},"s":{"0":1,"1":1,"2":1,"3":1,"4":1,"5":1,"6":1},"branchMap":{"0":{"type":"branch","line":4,"loc":{"start":{"line":4,"column":13},"end":{"line":6,"column":5}},"locations":[{"start":{"line":4,"column":13},"end":{"line":6,"column":5}}]}},"b":{"0":[1]},"fnMap":{"0":{"name":"request","decl":{"start":{"line":4,"column":13},"end":{"line":6,"column":5}},"loc":{"start":{"line":4,"column":13},"end":{"line":6,"column":5}},"line":4}},"f":{"0":1}}
}
